\BOOKMARK [1][-]{section.1}{\376\377\000\334\000b\000e\000r\000b\000l\000i\000c\000k}{}% 1
\BOOKMARK [2][-]{subsection.1.1}{\376\377\000G\000r\000u\000n\000d\000i\000d\000e\000e\000\040\000u\000n\000d\000\040\000Z\000i\000e\000l}{section.1}% 2
\BOOKMARK [2][-]{subsection.1.2}{\376\377\000F\000u\000n\000k\000t\000i\000o\000n\000s\000w\000e\000i\000s\000e}{section.1}% 3
\BOOKMARK [2][-]{subsection.1.3}{\376\377\000F\000u\000n\000k\000t\000i\000o\000n\000s\000u\000m\000f\000a\000n\000g}{section.1}% 4
\BOOKMARK [3][-]{subsubsection.1.3.1}{\376\377\000G\000U\000I}{subsection.1.3}% 5
\BOOKMARK [3][-]{subsubsection.1.3.2}{\376\377\000G\000e\000r\000\344\000t\000e\000/\000H\000a\000r\000d\000w\000a\000r\000e\000\040\000s\000p\000e\000z\000i\000f\000i\000s\000c\000h}{subsection.1.3}% 6
\BOOKMARK [3][-]{subsubsection.1.3.3}{\376\377\000R\000e\000q\000u\000i\000r\000e\000m\000e\000n\000t\000s}{subsection.1.3}% 7
\BOOKMARK [1][-]{section.2}{\376\377\000X\000a\000l\000l\000a\000r\000y\000:\000\040\000L\000a\000b\000o\000r\000b\000e\000i\000s\000p\000i\000e\000l\000a\000p\000p}{}% 8
\BOOKMARK [2][-]{subsection.2.1}{\376\377\000A\000u\000f\000b\000a\000u}{section.2}% 9
\BOOKMARK [3][-]{subsubsection.2.1.1}{\376\377\000V\000e\000r\000w\000e\000n\000d\000e\000t\000e\000s\000\040\000D\000e\000s\000i\000g\000n\000p\000a\000t\000t\000e\000r\000n}{subsection.2.1}% 10
\BOOKMARK [2][-]{subsection.2.2}{\376\377\000P\000e\000r\000m\000i\000s\000s\000i\000o\000n\000v\000e\000r\000w\000a\000l\000t\000u\000n\000g}{section.2}% 11
\BOOKMARK [3][-]{subsubsection.2.2.1}{\376\377\000B\000e\000n\000u\000t\000z\000e\000r\000\040\000E\000r\000f\000r\000a\000g\000u\000n\000g\000\040\000f\000\374\000r\000\040\000d\000i\000e\000\040\000P\000e\000r\000m\000i\000s\000s\000i\000o\000n\000s}{subsection.2.2}% 12
\BOOKMARK [2][-]{subsection.2.3}{\376\377\000C\000u\000s\000t\000o\000m\000e\000l\000e\000m\000e\000n\000t\000e}{section.2}% 13
\BOOKMARK [3][-]{subsubsection.2.3.1}{\376\377\000I\000m\000p\000l\000e\000m\000e\000n\000t\000a\000t\000i\000o\000n\000\040\000e\000i\000n\000e\000s\000\040\000C\000u\000s\000t\000o\000m\000e\000l\000e\000m\000e\000n\000t\000e\000s}{subsection.2.3}% 14
\BOOKMARK [2][-]{subsection.2.4}{\376\377\000A\000p\000p\000\040\000i\000m\000\040\000E\000m\000u\000l\000a\000t\000o\000r\000/\000S\000m\000a\000r\000t\000p\000h\000o\000n\000e}{section.2}% 15
\BOOKMARK [3][-]{subsubsection.2.4.1}{\376\377\000F\000u\000l\000l\000s\000c\000r\000e\000e\000n\000\040\000C\000u\000s\000t\000o\000m\000c\000a\000m\000e\000r\000a\000e\000l\000e\000m\000t}{subsection.2.4}% 16
\BOOKMARK [3][-]{subsubsection.2.4.2}{\376\377\000C\000r\000o\000s\000s\000p\000l\000a\000t\000t\000f\000o\000r\000m\000i\000m\000p\000l\000e\000m\000e\000n\000t\000a\000t\000i\000o\000n\000e\000n\000\040\000e\000i\000n\000e\000r\000\040\000f\000u\000n\000k\000t\000i\000o\000n\000i\000e\000r\000e\000n\000d\000e\000n\000\040\000K\000a\000m\000e\000r\000a}{subsection.2.4}% 17
\BOOKMARK [1][-]{section.3}{\376\377\000B\000e\000w\000e\000r\000t\000u\000n\000g}{}% 18
\BOOKMARK [2][-]{subsection.3.1}{\376\377\000I\000n\000t\000e\000g\000r\000i\000e\000r\000b\000a\000r\000k\000e\000i\000t\000\040\000i\000n\000\040\000d\000e\000n\000\040\000E\000n\000t\000w\000i\000c\000k\000l\000u\000n\000g\000s\000p\000r\000o\000z\000e\000s\000s}{section.3}% 19
\BOOKMARK [2][-]{subsection.3.2}{\376\377\000Z\000u\000k\000u\000n\000f\000t\000s\000s\000i\000c\000h\000e\000r\000h\000e\000i\000t}{section.3}% 20
\BOOKMARK [1][-]{section.4}{\376\377\000K\000o\000s\000t\000e\000n\000/\000L\000i\000z\000e\000n\000z\000e\000n}{}% 21
\BOOKMARK [1][-]{section.5}{\376\377\000F\000a\000z\000i\000t}{}% 22
\BOOKMARK [1][-]{section.6}{\376\377\000L\000i\000t\000e\000r\000a\000t\000u\000r\000\040\000/\000\040\000K\000o\000m\000m\000e\000n\000t\000i\000e\000r\000t\000e\000\040\000L\000i\000n\000k\000s}{}% 23
